<?xml version="1.0" encoding="UTF-8"?>
<testsuite name="com.web.service.WebServiceApplicationTests" tests="1" skipped="0" failures="0" errors="0" timestamp="2019-03-01T05:02:09" hostname="SCOTT-PC" time="0.185">
  <properties/>
  <testcase name="contextLoads" classname="com.web.service.WebServiceApplicationTests" time="0.185"/>
  <system-out><![CDATA[23:02:08.698 [Test worker] DEBUG org.springframework.test.context.junit4.SpringJUnit4ClassRunner - SpringJUnit4ClassRunner constructor called with [class com.web.service.WebServiceApplicationTests]
23:02:08.707 [Test worker] DEBUG org.springframework.test.context.BootstrapUtils - Instantiating CacheAwareContextLoaderDelegate from class [org.springframework.test.context.cache.DefaultCacheAwareContextLoaderDelegate]
23:02:08.717 [Test worker] DEBUG org.springframework.test.context.BootstrapUtils - Instantiating BootstrapContext using constructor [public org.springframework.test.context.support.DefaultBootstrapContext(java.lang.Class,org.springframework.test.context.CacheAwareContextLoaderDelegate)]
23:02:08.736 [Test worker] DEBUG org.springframework.test.context.BootstrapUtils - Instantiating TestContextBootstrapper for test class [com.web.service.WebServiceApplicationTests] from class [org.springframework.boot.test.context.SpringBootTestContextBootstrapper]
23:02:08.749 [Test worker] INFO org.springframework.boot.test.context.SpringBootTestContextBootstrapper - Neither @ContextConfiguration nor @ContextHierarchy found for test class [com.web.service.WebServiceApplicationTests], using SpringBootContextLoader
23:02:08.752 [Test worker] DEBUG org.springframework.test.context.support.AbstractContextLoader - Did not detect default resource location for test class [com.web.service.WebServiceApplicationTests]: class path resource [com/web/service/WebServiceApplicationTests-context.xml] does not exist
23:02:08.752 [Test worker] DEBUG org.springframework.test.context.support.AbstractContextLoader - Did not detect default resource location for test class [com.web.service.WebServiceApplicationTests]: class path resource [com/web/service/WebServiceApplicationTestsContext.groovy] does not exist
23:02:08.752 [Test worker] INFO org.springframework.test.context.support.AbstractContextLoader - Could not detect default resource locations for test class [com.web.service.WebServiceApplicationTests]: no resource found for suffixes {-context.xml, Context.groovy}.
23:02:08.753 [Test worker] INFO org.springframework.test.context.support.AnnotationConfigContextLoaderUtils - Could not detect default configuration classes for test class [com.web.service.WebServiceApplicationTests]: WebServiceApplicationTests does not declare any static, non-private, non-final, nested classes annotated with @Configuration.
23:02:08.796 [Test worker] DEBUG org.springframework.test.context.support.ActiveProfilesUtils - Could not find an 'annotation declaring class' for annotation type [org.springframework.test.context.ActiveProfiles] and class [com.web.service.WebServiceApplicationTests]
23:02:08.872 [Test worker] DEBUG org.springframework.context.annotation.ClassPathScanningCandidateComponentProvider - Identified candidate component class: file [C:\git\Chazuke\WebService\build\classes\java\main\com\web\service\WebServiceApplication.class]
23:02:08.874 [Test worker] INFO org.springframework.boot.test.context.SpringBootTestContextBootstrapper - Found @SpringBootConfiguration com.web.service.WebServiceApplication for test class com.web.service.WebServiceApplicationTests
23:02:08.970 [Test worker] DEBUG org.springframework.boot.test.context.SpringBootTestContextBootstrapper - @TestExecutionListeners is not present for class [com.web.service.WebServiceApplicationTests]: using defaults.
23:02:08.970 [Test worker] INFO org.springframework.boot.test.context.SpringBootTestContextBootstrapper - Loaded default TestExecutionListener class names from location [META-INF/spring.factories]: [org.springframework.boot.test.autoconfigure.restdocs.RestDocsTestExecutionListener, org.springframework.boot.test.autoconfigure.web.client.MockRestServiceServerResetTestExecutionListener, org.springframework.boot.test.autoconfigure.web.servlet.MockMvcPrintOnlyOnFailureTestExecutionListener, org.springframework.boot.test.autoconfigure.web.servlet.WebDriverTestExecutionListener, org.springframework.boot.test.mock.mockito.MockitoTestExecutionListener, org.springframework.boot.test.mock.mockito.ResetMocksTestExecutionListener, org.springframework.test.context.web.ServletTestExecutionListener, org.springframework.test.context.support.DirtiesContextBeforeModesTestExecutionListener, org.springframework.test.context.support.DependencyInjectionTestExecutionListener, org.springframework.test.context.support.DirtiesContextTestExecutionListener, org.springframework.test.context.transaction.TransactionalTestExecutionListener, org.springframework.test.context.jdbc.SqlScriptsTestExecutionListener]
23:02:08.980 [Test worker] DEBUG org.springframework.boot.test.context.SpringBootTestContextBootstrapper - Skipping candidate TestExecutionListener [org.springframework.test.context.web.ServletTestExecutionListener] due to a missing dependency. Specify custom listener classes or make the default listener classes and their required dependencies available. Offending class: [javax/servlet/ServletContext]
23:02:08.982 [Test worker] DEBUG org.springframework.boot.test.context.SpringBootTestContextBootstrapper - Skipping candidate TestExecutionListener [org.springframework.test.context.transaction.TransactionalTestExecutionListener] due to a missing dependency. Specify custom listener classes or make the default listener classes and their required dependencies available. Offending class: [org/springframework/transaction/interceptor/TransactionAttributeSource]
23:02:08.983 [Test worker] DEBUG org.springframework.boot.test.context.SpringBootTestContextBootstrapper - Skipping candidate TestExecutionListener [org.springframework.test.context.jdbc.SqlScriptsTestExecutionListener] due to a missing dependency. Specify custom listener classes or make the default listener classes and their required dependencies available. Offending class: [org/springframework/transaction/interceptor/TransactionAttribute]
23:02:08.983 [Test worker] INFO org.springframework.boot.test.context.SpringBootTestContextBootstrapper - Using TestExecutionListeners: [org.springframework.test.context.support.DirtiesContextBeforeModesTestExecutionListener@2833ed50, org.springframework.boot.test.mock.mockito.MockitoTestExecutionListener@5acfa653, org.springframework.boot.test.autoconfigure.SpringBootDependencyInjectionTestExecutionListener@57e83270, org.springframework.test.context.support.DirtiesContextTestExecutionListener@4342bff8, org.springframework.boot.test.autoconfigure.restdocs.RestDocsTestExecutionListener@74ac93ad, org.springframework.boot.test.autoconfigure.web.client.MockRestServiceServerResetTestExecutionListener@53765e55, org.springframework.boot.test.autoconfigure.web.servlet.MockMvcPrintOnlyOnFailureTestExecutionListener@459b9df9, org.springframework.boot.test.autoconfigure.web.servlet.WebDriverTestExecutionListener@13f047cd, org.springframework.boot.test.mock.mockito.ResetMocksTestExecutionListener@3d18fe5]
23:02:08.987 [Test worker] DEBUG org.springframework.test.annotation.ProfileValueUtils - Retrieved @ProfileValueSourceConfiguration [null] for test class [com.web.service.WebServiceApplicationTests]
23:02:08.987 [Test worker] DEBUG org.springframework.test.annotation.ProfileValueUtils - Retrieved ProfileValueSource type [class org.springframework.test.annotation.SystemProfileValueSource] for class [com.web.service.WebServiceApplicationTests]
23:02:08.989 [Test worker] DEBUG org.springframework.test.annotation.ProfileValueUtils - Retrieved @ProfileValueSourceConfiguration [null] for test class [com.web.service.WebServiceApplicationTests]
23:02:08.989 [Test worker] DEBUG org.springframework.test.annotation.ProfileValueUtils - Retrieved ProfileValueSource type [class org.springframework.test.annotation.SystemProfileValueSource] for class [com.web.service.WebServiceApplicationTests]
23:02:08.994 [Test worker] DEBUG org.springframework.test.context.support.AbstractDirtiesContextTestExecutionListener - Before test class: context [DefaultTestContext@5dbb54a2 testClass = WebServiceApplicationTests, testInstance = [null], testMethod = [null], testException = [null], mergedContextConfiguration = [MergedContextConfiguration@63a27070 testClass = WebServiceApplicationTests, locations = '{}', classes = '{class com.web.service.WebServiceApplication}', contextInitializerClasses = '[]', activeProfiles = '{}', propertySourceLocations = '{}', propertySourceProperties = '{org.springframework.boot.test.context.SpringBootTestContextBootstrapper=true}', contextCustomizers = set[org.springframework.boot.test.autoconfigure.properties.PropertyMappingContextCustomizer@0, org.springframework.boot.test.autoconfigure.web.servlet.WebDriverContextCustomizerFactory$Customizer@67560a74, org.springframework.boot.test.context.filter.ExcludeFilterContextCustomizer@5b1a52ac, org.springframework.boot.test.json.DuplicateJsonObjectContextCustomizerFactory$DuplicateJsonObjectContextCustomizer@56538cfd, org.springframework.boot.test.mock.mockito.MockitoContextCustomizer@0, org.springframework.boot.test.web.client.TestRestTemplateContextCustomizer@1a9652e6], contextLoader = 'org.springframework.boot.test.context.SpringBootContextLoader', parent = [null]], attributes = map[[empty]]], class annotated with @DirtiesContext [false] with mode [null].
23:02:08.995 [Test worker] DEBUG org.springframework.test.annotation.ProfileValueUtils - Retrieved @ProfileValueSourceConfiguration [null] for test class [com.web.service.WebServiceApplicationTests]
23:02:08.995 [Test worker] DEBUG org.springframework.test.annotation.ProfileValueUtils - Retrieved ProfileValueSource type [class org.springframework.test.annotation.SystemProfileValueSource] for class [com.web.service.WebServiceApplicationTests]
23:02:08.999 [Test worker] DEBUG org.springframework.test.context.support.DependencyInjectionTestExecutionListener - Performing dependency injection for test context [[DefaultTestContext@5dbb54a2 testClass = WebServiceApplicationTests, testInstance = com.web.service.WebServiceApplicationTests@21e727ba, testMethod = [null], testException = [null], mergedContextConfiguration = [MergedContextConfiguration@63a27070 testClass = WebServiceApplicationTests, locations = '{}', classes = '{class com.web.service.WebServiceApplication}', contextInitializerClasses = '[]', activeProfiles = '{}', propertySourceLocations = '{}', propertySourceProperties = '{org.springframework.boot.test.context.SpringBootTestContextBootstrapper=true}', contextCustomizers = set[org.springframework.boot.test.autoconfigure.properties.PropertyMappingContextCustomizer@0, org.springframework.boot.test.autoconfigure.web.servlet.WebDriverContextCustomizerFactory$Customizer@67560a74, org.springframework.boot.test.context.filter.ExcludeFilterContextCustomizer@5b1a52ac, org.springframework.boot.test.json.DuplicateJsonObjectContextCustomizerFactory$DuplicateJsonObjectContextCustomizer@56538cfd, org.springframework.boot.test.mock.mockito.MockitoContextCustomizer@0, org.springframework.boot.test.web.client.TestRestTemplateContextCustomizer@1a9652e6], contextLoader = 'org.springframework.boot.test.context.SpringBootContextLoader', parent = [null]], attributes = map[[empty]]]].
23:02:09.035 [Test worker] DEBUG org.springframework.test.context.support.TestPropertySourceUtils - Adding inlined properties to environment: {spring.jmx.enabled=false, org.springframework.boot.test.context.SpringBootTestContextBootstrapper=true, server.port=-1}

  .   ____          _            __ _ _
 /\\ / ___'_ __ _ _(_)_ __  __ _ \ \ \ \
( ( )\___ | '_ | '_| | '_ \/ _` | \ \ \ \
 \\/  ___)| |_)| | | | | || (_| |  ) ) ) )
  '  |____| .__|_| |_|_| |_\__, | / / / /
 =========|_|==============|___/=/_/_/_/
 :: Spring Boot ::        (v2.1.3.RELEASE)

2019-02-28 23:02:09.244  INFO 10868 --- [    Test worker] c.w.service.WebServiceApplicationTests   : Starting WebServiceApplicationTests on SCOTT-PC with PID 10868 (started by scott in C:\git\Chazuke\WebService)
2019-02-28 23:02:09.245  INFO 10868 --- [    Test worker] c.w.service.WebServiceApplicationTests   : No active profile set, falling back to default profiles: default
2019-02-28 23:02:09.701  INFO 10868 --- [    Test worker] c.w.service.WebServiceApplicationTests   : Started WebServiceApplicationTests in 0.664 seconds (JVM running for 1.622)
]]></system-out>
  <system-err><![CDATA[]]></system-err>
</testsuite>
